

<!DOCTYPE html>
<html>
<head>
<meta charset="UTF-8">
<meta name="viewport" content="width=device-width, initial-scale=1, shrink-to-fit=no">
<title>Magento</title>
<link rel="apple-touch-icon" href="https://cdn.jsdelivr.net/gh/extent-framework/extent-github-cdn@b00a2d0486596e73dd7326beacf352c639623a0e/commons/img/logo.png">
<link rel="shortcut icon" href="https://cdn.jsdelivr.net/gh/extent-framework/extent-github-cdn@b00a2d0486596e73dd7326beacf352c639623a0e/commons/img/logo.png">
<link href="https://cdn.jsdelivr.net/gh/extent-framework/extent-github-cdn@ce8b10435bcbae260c334c0d0c6b61d2c19b6168/spark/css/spark-style.css" rel="stylesheet" />
<link href="https://stackpath.bootstrapcdn.com/font-awesome/4.7.0/css/font-awesome.min.css" rel="stylesheet">
<script src="https://cdn.jsdelivr.net/gh/extent-framework/extent-github-cdn@7cc78ce/spark/js/jsontree.js"></script>
<style type="text/css"></style></head><body class="spa bdd-report standard">
  <div class="app">
    <div class="layout">
<div class="header navbar">
<div class="vheader">
<div class="nav-logo">
<a href="#">
<div class="logo" style="background-image: url('https://cdn.jsdelivr.net/gh/extent-framework/extent-github-cdn@b00a2d0486596e73dd7326beacf352c639623a0e/commons/img/logo.png')"></div>
</a>
</div>
<ul class="nav-left">
<li class="search-box">
<a class="search-toggle" href="#">
<i class="search-icon fa fa-search"></i>
<i class="search-icon-close fa fa-close"></i>
</a>
</li>
<li class="search-input"><input id="search-tests" class="form-control" type="text" placeholder="Search..."></li>
</ul>
<ul class="nav-right">
<li class="m-r-10">
<a href="#"><span class="badge badge-primary">Automation Test</span></a>
</li>
<li class="m-r-10">
<a href="#"><span class="badge badge-primary">Mar 22, 2024 15:40:56</span></a>
</li>
</ul>
</div>
</div><div class="side-nav">
<div class="side-nav-inner">
<ul class="side-nav-menu">
<li class="nav-item dropdown" onclick="toggleView('dashboard-view')">
<a id="nav-dashboard" class="dropdown-toggle" href="#">
<span class="ico"><i class="fa fa-bar-chart"></i></span>
</a>
</li>
<li class="nav-item dropdown" onclick="toggleView('test-view')">
<a id="nav-test" class="dropdown-toggle" href="#">
<span class="ico"><i class="fa fa-list"></i></span>
</a>
</li>
<li class="nav-item dropdown" onclick="toggleView('category-view')">
<a id="nav-category" class="dropdown-toggle" href="#">
<span class="ico"><i class="fa fa-tag"></i></span>
</a>
</li>
<li class="nav-item dropdown" onclick="toggleView('exception-view')">
<a id="nav-exception" class="dropdown-toggle" href="#">
<span class="ico"><i class="fa fa-bug"></i></span>
</a>
</li>
</ul>
</div>
</div>      <div class="vcontainer">
        <div class="main-content">
<div class="container-fluid p-4 view dashboard-view">
<div class="row">
<div class="col-md-3">
<div class="card"><div class="card-body">
<p class="m-b-0">Started</p>
<h3>Mar 22, 2024 15:40:56</h3>
</div></div>
</div>
<div class="col-md-3">
<div class="card"><div class="card-body">
<p class="m-b-0">Ended</p>
<h3>Mar 22, 2024 15:46:19</h3>
</div></div>
</div>
<div class="col-md-3">
<div class="card"><div class="card-body">
<p class="m-b-0 text-pass">Features Passed</p>
<h3>1</h3>
</div></div>
</div>
<div class="col-md-3">
<div class="card"><div class="card-body">
<p class="m-b-0 text-fail">Features Failed</p>
<h3>2</h3>
</div></div>
</div>
</div>
<div class="row">
<div class="col-md-4">
<div class="card">
<div class="card-header">
<h6 class="card-title">Features</h6>
</div>
<div class="card-body">
<div class="">
<canvas id='parent-analysis' width='115' height='90'></canvas>
</div>
</div>
<div class="card-footer">
<div><small data-tooltip='33%'>
<b>1</b> features passed
</small>
</div>
<div>
<small data-tooltip='66%'><b>2</b> features failed,
<b>0</b> skipped, <b data-tooltip='0%'>0</b> others
</small>
</div>
</div>
</div>
</div>
<div class="col-md-4">
<div class="card">
<div class="card-header">
<h6 class="card-title">Scenarios</h6>
</div>
<div class="card-body">
<div class="">
<canvas id='child-analysis' width='115' height='90'></canvas>
</div>
</div>
<div class="card-footer">
<div><small data-tooltip='83%'><b>15</b> scenarios passed</small></div>
<div>
<small data-tooltip='16%'><b>3</b> scenarios failed,
<b>0</b> skipped, <b data-tooltip='%'>0</b> others
</small>
</div>
</div>
</div>
</div>
<div class="col-md-4">
<div class="card">
<div class="card-header">
<h6 class="card-title">Steps</h6>
</div>
<div class="card-body">
<div class="">
<canvas id='grandchild-analysis' width='115' height='90'></canvas>
</div>
</div>
<div class="card-footer">
<div><small data-tooltip='92%'><b>77</b> steps passed</small></div>
<div>
<small data-tooltip='3%'><b>3</b> steps failed,
<b>3</b> skipped, <b data-tooltip='%'>0</b> others
</small>
</div>
</div>
</div>
</div>
</div>
<div class="row"><div class="col-md-12">
<div class="card"><div class="card-header"><p>Timeline</p></div>
<div class="card-body pt-0"><div>
<canvas id="timeline" height="120"></canvas>
</div></div>
</div>
</div></div>
<script>
var timeline = {
"Login Page":13.914,"CRUD Timesheet":131.458,"CRUD SD Issue":177.015
};
</script>
<div class="row">
<div class="col-lg-6 col-md-12 category-container">
<div class="card">
<div class="card-header"><p>Tags</p></div>
<div class="card-body pb-0 pt-0"><table class="table table-sm table-bordered">
<thead><tr class="bg-gray"><th>Name</th><th>Passed</th><th>Failed</th><th>Skipped</th><th>Others</th><th>Passed %</th></tr></thead><tbody>
<tr>
<td>@issue</td>
<td>7</td>
<td>2</td>
<td>0</td>
<td>0</td>
<td>77.778%</td>
</tr>
<tr>
<td>@All</td>
<td>15</td>
<td>3</td>
<td>0</td>
<td>0</td>
<td>83.333%</td>
</tr>
<tr>
<td>@positive</td>
<td>3</td>
<td>1</td>
<td>0</td>
<td>0</td>
<td>75%</td>
</tr>
<tr>
<td>@timesheet</td>
<td>6</td>
<td>1</td>
<td>0</td>
<td>0</td>
<td>85.714%</td>
</tr>
<tr>
<td>@negative</td>
<td>4</td>
<td>0</td>
<td>0</td>
<td>0</td>
<td>100%</td>
</tr>
<tr>
<td>@view</td>
<td>2</td>
<td>0</td>
<td>0</td>
<td>0</td>
<td>100%</td>
</tr>
<tr>
<td>@stop</td>
<td>1</td>
<td>0</td>
<td>0</td>
<td>0</td>
<td>100%</td>
</tr>
<tr>
<td>@status</td>
<td>2</td>
<td>0</td>
<td>0</td>
<td>0</td>
<td>100%</td>
</tr>
<tr>
<td>@edit</td>
<td>1</td>
<td>1</td>
<td>0</td>
<td>0</td>
<td>50%</td>
</tr>
<tr>
<td>@delete</td>
<td>1</td>
<td>0</td>
<td>0</td>
<td>0</td>
<td>100%</td>
</tr>
<tr>
<td>@assign</td>
<td>1</td>
<td>0</td>
<td>0</td>
<td>0</td>
<td>100%</td>
</tr>
<tr>
<td>@add</td>
<td>4</td>
<td>0</td>
<td>0</td>
<td>0</td>
<td>100%</td>
</tr>
<tr>
<td>@change</td>
<td>1</td>
<td>0</td>
<td>0</td>
<td>0</td>
<td>100%</td>
</tr>
<tr>
<td>@search</td>
<td>1</td>
<td>1</td>
<td>0</td>
<td>0</td>
<td>50%</td>
</tr>
<tr>
<td>@login</td>
<td>2</td>
<td>0</td>
<td>0</td>
<td>0</td>
<td>100%</td>
</tr>
<tr>
<td>@submit</td>
<td>0</td>
<td>1</td>
<td>0</td>
<td>0</td>
<td>0%</td>
</tr>
</tbody>
</table></div>
</div>
</div>
<div class="col-lg-6 col-md-12 sysenv-container">
<div class="card">
<div class="card-header"><p>System/Environment</p></div>
<div class="card-body pb-0 pt-0"><table class="table table-sm table-bordered">
<thead><tr class="bg-gray"><th>Name</th><th>Value</th></tr></thead>
<tbody>
<tr>
<td>Engineer</td>
<td>Aurellia Az</td>
</tr>
<tr>
<td>Project</td>
<td>SD ERP V2</td>
</tr>
<tr>
<td>Browser</td>
<td>Google Chrome</td>
</tr>
<tr>
<td>OS</td>
<td>Windows</td>
</tr>
</tbody>
</table></div>
</div>
</div>
</div>
</div>
<script>
var statusGroup = {
parentCount: 5,
passParent: 1,
failParent: 2,
warningParent: 0,
skipParent: 0,
childCount: 5,
passChild: 15,
failChild: 3,
warningChild: 0,
skipChild: 0,
infoChild: 0,
grandChildCount: 5,
passGrandChild: 77,
failGrandChild: 3,
warningGrandChild: 0,
skipGrandChild: 3,
infoGrandChild: 0,
eventsCount: 5,
};
</script><div class="test-wrapper row view test-view">
  <div class="test-list">
    <div class="test-list-tools">
<ul class="tools pull-left">
<li><a href="#"><span class="font-size-14">Tests</span></a></li>
</ul>
<ul class="tools text-right">
<li class="dropdown">
<a href="#" class="dropdown-toggle" data-toggle="dropdown"><i class="fa fa-exclamation-circle"></i></a>
<ul id="status-toggle" class="dropdown-menu dropdown-md p-v-0">
<a class="dropdown-item" status="pass" href="#"><span>Pass</span><span class="status success"></span></a>
<a class="dropdown-item" status="fail" href="#"><span>Fail</span><span class="status danger"></span></a>
<div class="dropdown-divider"></div>
<a status="clear" class="dropdown-item" href="#"><span>Clear</span><span class="pull-right"><i class="fa fa-close"></i></span></a>
</ul>
</li>
<li class="dropdown">
<a href="#" class="dropdown-toggle" data-toggle="dropdown"><i class="fa fa-tag"></i></a>
<ul id="tag-toggle" class="dropdown-menu dropdown-md p-v-0">
<a class="dropdown-item" href="#">@issue</a><a class="dropdown-item" href="#">@All</a><a class="dropdown-item" href="#">@positive</a><a class="dropdown-item" href="#">@timesheet</a><a class="dropdown-item" href="#">@negative</a><a class="dropdown-item" href="#">@view</a><a class="dropdown-item" href="#">@stop</a><a class="dropdown-item" href="#">@status</a><a class="dropdown-item" href="#">@edit</a><a class="dropdown-item" href="#">@delete</a><a class="dropdown-item" href="#">@assign</a><a class="dropdown-item" href="#">@add</a><a class="dropdown-item" href="#">@change</a><a class="dropdown-item" href="#">@search</a><a class="dropdown-item" href="#">@login</a><a class="dropdown-item" href="#">@submit</a>
</ul>
</li>
</ul>
</div>    <div class="test-list-wrapper scrollable">
      <ul class="test-list-item">
        <li class="test-item"  status="pass" test-id="1"
          author=""
          tag=""
          device="">
          <div class="test-detail">
            <p class="name">Login Page</p>
            <p class="text-sm">
              <span>3:40:56 pm</span> / <span>00:00:13:914</span>
              <span class="badge pass-bg log float-right">Pass</span>
            </p>
          </div>
          <div class="test-contents d-none">
<div class="detail-head">
<div class="p-v-10">
<div class="info">
<h5 class="test-status text-pass">Login Page</h5>
<span class='badge badge-success'>03.22.2024 3:40:56 pm</span>
<span class='badge badge-danger'>03.22.2024 3:41:10 pm</span>
<span class='badge badge-default'>00:00:13:914</span>
&middot; <span class='uri-anchor badge badge-default'>#test-id=1</span>
<span title='Skip to the next failed step' class='badge badge-danger pointer float-right ne ml-1'><i class="fa fa-fast-forward"></i></span>
<span title='Collapse all nodes' class='badge badge-default pointer float-right ct ml-1'><i class="fa fa-compress"></i></span>
<span title='Expand all nodes' class='badge badge-default pointer float-right et'><i class="fa fa-expand"></i></span>
</div>
<div class="m-t-10 m-l-5"></div>
</div>
</div>
<div class="accordion mt-4">
  <div class="card">
    <div class="card-header" role="tab">
      <div class="card-title">
        <div class="node" id="2"><span class="badge log pass-bg mr-2">Pass</span>User success login</div>
      </div>
    </div>
        <div class="collapse">
          <div class="card-body">
              <div class="step pass-bg" title="StepDefinition.LoginTest.user_on_login_page()">
                <span>Given User on login Page</span>
      <div>
      </div>
              </div>
              <div class="step pass-bg" title="StepDefinition.LoginTest.user_input_credentials()">
                <span>Then User input credentials</span>
      <div>
      </div>
              </div>
              <div class="step pass-bg" title="StepDefinition.LoginTest.user_click_button_login()">
                <span>And User click button login</span>
      <div>
      </div>
              </div>
              <div class="step pass-bg" title="StepDefinition.LoginTest.user_go_to_dashboard_page()">
                <span>Then User go to dashboard page</span>
      <div>
      </div>
              </div>
          </div>
        </div>
  </div>
  <div class="card">
    <div class="card-header" role="tab">
      <div class="card-title">
        <div class="node" id="13"><span class="badge log pass-bg mr-2">Pass</span>User failed login - invalid credential</div>
      </div>
    </div>
        <div class="collapse">
          <div class="card-body">
              <div class="step pass-bg" title="StepDefinition.LoginTest.user_on_login_page()">
                <span>Given User on login Page</span>
      <div>
      </div>
              </div>
              <div class="step pass-bg" title="StepDefinition.LoginTest.user_input_invalid_credentials()">
                <span>Then User input invalid credentials</span>
      <div>
      </div>
              </div>
              <div class="step pass-bg" title="StepDefinition.LoginTest.user_click_button_login()">
                <span>And User click button login</span>
      <div>
      </div>
              </div>
              <div class="step pass-bg" title="StepDefinition.LoginTest.user_get_alert()">
                <span>Then User get alert</span>
      <div>
      </div>
              </div>
          </div>
        </div>
  </div>
</div>
          </div>
        </li>
        <li class="test-item"  status="fail" test-id="24"
          author=""
          tag=""
          device="">
          <div class="test-detail">
            <p class="name">CRUD Timesheet</p>
            <p class="text-sm">
              <span>3:41:10 pm</span> / <span>00:02:11:458</span>
              <span class="badge fail-bg log float-right">Fail</span>
            </p>
          </div>
          <div class="test-contents d-none">
<div class="detail-head">
<div class="p-v-10">
<div class="info">
<h5 class="test-status text-fail">CRUD Timesheet</h5>
<span class='badge badge-success'>03.22.2024 3:41:10 pm</span>
<span class='badge badge-danger'>03.22.2024 3:43:22 pm</span>
<span class='badge badge-default'>00:02:11:458</span>
&middot; <span class='uri-anchor badge badge-default'>#test-id=24</span>
<span title='Skip to the next failed step' class='badge badge-danger pointer float-right ne ml-1'><i class="fa fa-fast-forward"></i></span>
<span title='Collapse all nodes' class='badge badge-default pointer float-right ct ml-1'><i class="fa fa-compress"></i></span>
<span title='Expand all nodes' class='badge badge-default pointer float-right et'><i class="fa fa-expand"></i></span>
</div>
<div class="m-t-10 m-l-5"></div>
</div>
</div>
<div class="accordion mt-4">
  <div class="card">
    <div class="card-header" role="tab">
      <div class="card-title">
        <div class="node" id="25"><span class="badge log pass-bg mr-2">Pass</span>User view list Timesheet</div>
      </div>
    </div>
        <div class="collapse">
          <div class="card-body">
              <div class="step pass-bg" title="StepDefinition.TimesheetTest.user_on_homepage()">
                <span>Given User on homepage</span>
      <div>
      </div>
              </div>
              <div class="step pass-bg" title="StepDefinition.TimesheetTest.user_click_button_view_list()">
                <span>Then User click button view list</span>
      <div>
      </div>
              </div>
              <div class="step pass-bg" title="StepDefinition.TimesheetTest.user_see_the_list()">
                <span>And User see the list</span>
      <div>
      </div>
              </div>
          </div>
        </div>
  </div>
  <div class="card">
    <div class="card-header" role="tab">
      <div class="card-title">
        <div class="node" id="34"><span class="badge log pass-bg mr-2">Pass</span>User add new Timesheet</div>
      </div>
    </div>
        <div class="collapse">
          <div class="card-body">
              <div class="step pass-bg" title="StepDefinition.TimesheetTest.user_on_timesheet_page()">
                <span>Given User on timesheet page</span>
      <div>
      </div>
              </div>
              <div class="step pass-bg" title="StepDefinition.TimesheetTest.user_click_button_start_timer()">
                <span>And User click button Start Timer</span>
      <div>
      </div>
              </div>
              <div class="step pass-bg" title="StepDefinition.TimesheetTest.user_choose_project()">
                <span>Then User choose project</span>
      <div>
      </div>
              </div>
              <div class="step pass-bg" title="StepDefinition.TimesheetTest.user_click_button_start()">
                <span>And User click button Start</span>
      <div>
      </div>
              </div>
          </div>
        </div>
  </div>
  <div class="card">
    <div class="card-header" role="tab">
      <div class="card-title">
        <div class="node" id="45"><span class="badge log pass-bg mr-2">Pass</span>User failed add new Timesheet - Empty values</div>
      </div>
    </div>
        <div class="collapse">
          <div class="card-body">
              <div class="step pass-bg" title="StepDefinition.TimesheetTest.user_on_timesheet_page()">
                <span>Given User on timesheet page</span>
      <div>
      </div>
              </div>
              <div class="step pass-bg" title="StepDefinition.TimesheetTest.user_click_button_start_timer()">
                <span>And User click button Start Timer</span>
      <div>
      </div>
              </div>
              <div class="step pass-bg" title="StepDefinition.TimesheetTest.user_click_button_start()">
                <span>And User click button Start</span>
      <div>
      </div>
              </div>
              <div class="step pass-bg" title="StepDefinition.TimesheetTest.user_get_modal_alert_required()">
                <span>Then User get modal alert required</span>
      <div>
      </div>
              </div>
          </div>
        </div>
  </div>
  <div class="card">
    <div class="card-header" role="tab">
      <div class="card-title">
        <div class="node" id="56"><span class="badge log pass-bg mr-2">Pass</span>User edit Timesheet</div>
      </div>
    </div>
        <div class="collapse">
          <div class="card-body">
              <div class="step pass-bg" title="StepDefinition.TimesheetTest.user_on_homepage()">
                <span>Given User on homepage</span>
      <div>
      </div>
              </div>
              <div class="step pass-bg" title="StepDefinition.TimesheetTest.user_choose_timesheet()">
                <span>Then User choose timesheet</span>
      <div>
      </div>
              </div>
              <div class="step pass-bg" title="StepDefinition.TimesheetTest.user_click_button_edit_timesheet()">
                <span>And User click button edit timesheet</span>
      <div>
      </div>
              </div>
              <div class="step pass-bg" title="StepDefinition.TimesheetTest.user_click_button_save()">
                <span>Then User click button save</span>
      <div>
      </div>
              </div>
          </div>
        </div>
  </div>
  <div class="card">
    <div class="card-header" role="tab">
      <div class="card-title">
        <div class="node" id="67"><span class="badge log pass-bg mr-2">Pass</span>User stop timer</div>
      </div>
    </div>
        <div class="collapse">
          <div class="card-body">
              <div class="step pass-bg" title="StepDefinition.TimesheetTest.user_on_homepage()">
                <span>Given User on homepage</span>
      <div>
      </div>
              </div>
              <div class="step pass-bg" title="StepDefinition.TimesheetTest.user_choose_timesheet()">
                <span>Then User choose timesheet</span>
      <div>
      </div>
              </div>
              <div class="step pass-bg" title="StepDefinition.TimesheetTest.user_click_resume_timer()">
                <span>And User click resume timer</span>
      <div>
      </div>
              </div>
              <div class="step pass-bg" title="StepDefinition.TimesheetTest.user_click_button_complete()">
                <span>And User click button complete</span>
      <div>
      </div>
              </div>
          </div>
        </div>
  </div>
  <div class="card">
    <div class="card-header" role="tab">
      <div class="card-title">
        <div class="node" id="78"><span class="badge log pass-bg mr-2">Pass</span>User delete Timesheet</div>
      </div>
    </div>
        <div class="collapse">
          <div class="card-body">
              <div class="step pass-bg" title="StepDefinition.TimesheetTest.user_on_homepage()">
                <span>Given User on homepage</span>
      <div>
      </div>
              </div>
              <div class="step pass-bg" title="StepDefinition.TimesheetTest.user_choose_timesheet()">
                <span>Then User choose timesheet</span>
      <div>
      </div>
              </div>
              <div class="step pass-bg" title="StepDefinition.TimesheetTest.user_click_button_delete()">
                <span>And User click button delete</span>
      <div>
      </div>
              </div>
              <div class="step pass-bg" title="StepDefinition.TimesheetTest.user_click_button_yes()">
                <span>And User click button Yes</span>
      <div>
      </div>
              </div>
              <div class="step pass-bg" title="StepDefinition.TimesheetTest.timesheet_success_get_delete()">
                <span>Then Timesheet success get delete</span>
      <div>
      </div>
              </div>
          </div>
        </div>
  </div>
  <div class="card">
    <div class="card-header" role="tab">
      <div class="card-title">
        <div class="node" id="91"><span class="badge log fail-bg mr-2">Fail</span>User submit timesheet</div>
          <div class="status-avatar float-right mr-4">
            <i class="fa fa-paperclip"></i>
          </div>
      </div>
    </div>
        <div class="">
          <div class="card-body">
              <div class="step pass-bg" title="StepDefinition.TimesheetTest.user_on_homepage()">
                <span>Given User on homepage</span>
      <div>
      </div>
              </div>
              <div class="step pass-bg" title="StepDefinition.TimesheetTest.user_choose_timesheet()">
                <span>Then User choose timesheet</span>
      <div>
      </div>
              </div>
              <div class="step fail-bg" title="StepDefinition.TimesheetTest.user_click_button_submit()">
                <span>And User click button Submit</span>
      <div>
        <textarea disabled class="code-block">org.openqa.selenium.NoSuchElementException: Timed out after 30 seconds. Unable to locate the element
	at org.openqa.selenium.support.pagefactory.AjaxElementLocator.findElement(AjaxElementLocator.java:90)
	at org.openqa.selenium.support.pagefactory.internal.LocatingElementHandler.invoke(LocatingElementHandler.java:38)
	at jdk.proxy2/jdk.proxy2.$Proxy24.click(Unknown Source)
	at PageFactory.TimesheetPage.clickBtnTimer(TimesheetPage.java:324)
	at StepDefinition.TimesheetTest.user_click_button_submit(TimesheetTest.java:129)
	at ✽.User click button Submit(file:///D:/SD-ERP-V2/sd-erp-v2/src/test/resources/features/02TimesheetPage.feature:50)
Caused by: org.openqa.selenium.NoSuchElementException: no such element: Unable to locate element: {"method":"xpath","selector":"//button[normalize-space()='Resume Timer']"}
  (Session info: chrome=123.0.6312.59)
For documentation on this error, please visit: https://www.selenium.dev/documentation/webdriver/troubleshooting/errors#no-such-element-exception
Build info: version: '4.18.1', revision: 'b1d3319b48'
System info: os.name: 'Windows 10', os.arch: 'amd64', os.version: '10.0', java.version: '20.0.2'
Driver info: org.openqa.selenium.chrome.ChromeDriver
Command: [d4e00f135f4948cddc4c1d5676c0a0f7, findElement {value=//button[normalize-space()='Resume Timer'], using=xpath}]
Capabilities {acceptInsecureCerts: false, browserName: chrome, browserVersion: 123.0.6312.59, chrome: {chromedriverVersion: 123.0.6312.58 (6b4b19e9dfbb..., userDataDir: C:\Users\personal\AppData\L...}, fedcm:accounts: true, goog:chromeOptions: {debuggerAddress: localhost:61173}, networkConnectionEnabled: false, pageLoadStrategy: normal, platformName: windows, proxy: Proxy(), se:cdp: ws://localhost:61173/devtoo..., se:cdpVersion: 123.0.6312.59, setWindowRect: true, strictFileInteractability: false, timeouts: {implicit: 0, pageLoad: 300000, script: 30000}, unhandledPromptBehavior: dismiss and notify, webauthn:extension:credBlob: true, webauthn:extension:largeBlob: true, webauthn:extension:minPinLength: true, webauthn:extension:prf: true, webauthn:virtualAuthenticators: true}
Session ID: d4e00f135f4948cddc4c1d5676c0a0f7
	at java.base/jdk.internal.reflect.DirectConstructorHandleAccessor.newInstance(DirectConstructorHandleAccessor.java:67)
	at java.base/java.lang.reflect.Constructor.newInstanceWithCaller(Constructor.java:500)
	at java.base/java.lang.reflect.Constructor.newInstance(Constructor.java:484)
	at org.openqa.selenium.remote.ErrorCodec.decode(ErrorCodec.java:167)
	at org.openqa.selenium.remote.codec.w3c.W3CHttpResponseCodec.decode(W3CHttpResponseCodec.java:138)
	at org.openqa.selenium.remote.codec.w3c.W3CHttpResponseCodec.decode(W3CHttpResponseCodec.java:50)
	at org.openqa.selenium.remote.HttpCommandExecutor.execute(HttpCommandExecutor.java:190)
	at org.openqa.selenium.remote.service.DriverCommandExecutor.invokeExecute(DriverCommandExecutor.java:216)
	at org.openqa.selenium.remote.service.DriverCommandExecutor.execute(DriverCommandExecutor.java:174)
	at org.openqa.selenium.remote.RemoteWebDriver.execute(RemoteWebDriver.java:519)
	at org.openqa.selenium.remote.ElementLocation$ElementFinder$2.findElement(ElementLocation.java:165)
	at org.openqa.selenium.remote.ElementLocation.findElement(ElementLocation.java:59)
	at org.openqa.selenium.remote.RemoteWebDriver.findElement(RemoteWebDriver.java:356)
	at org.openqa.selenium.remote.RemoteWebDriver.findElement(RemoteWebDriver.java:350)
	at org.openqa.selenium.support.pagefactory.DefaultElementLocator.findElement(DefaultElementLocator.java:68)
	at org.openqa.selenium.support.pagefactory.AjaxElementLocator.access$001(AjaxElementLocator.java:38)
	at org.openqa.selenium.support.pagefactory.AjaxElementLocator$SlowLoadingElement.isLoaded(AjaxElementLocator.java:156)
	at org.openqa.selenium.support.ui.SlowLoadableComponent.get(SlowLoadableComponent.java:79)
	at org.openqa.selenium.support.pagefactory.AjaxElementLocator.findElement(AjaxElementLocator.java:86)
	at org.openqa.selenium.support.pagefactory.internal.LocatingElementHandler.invoke(LocatingElementHandler.java:38)
	at jdk.proxy2/jdk.proxy2.$Proxy24.click(Unknown Source)
	at PageFactory.TimesheetPage.clickBtnTimer(TimesheetPage.java:324)
	at StepDefinition.TimesheetTest.user_click_button_submit(TimesheetTest.java:129)
	at java.base/jdk.internal.reflect.DirectMethodHandleAccessor.invoke(DirectMethodHandleAccessor.java:104)
	at java.base/java.lang.reflect.Method.invoke(Method.java:578)
	at io.cucumber.java.Invoker.doInvoke(Invoker.java:66)
	at io.cucumber.java.Invoker.invoke(Invoker.java:24)
	at io.cucumber.java.AbstractGlueDefinition.invokeMethod(AbstractGlueDefinition.java:47)
	at io.cucumber.java.JavaStepDefinition.execute(JavaStepDefinition.java:29)
	at io.cucumber.core.runner.CoreStepDefinition.execute(CoreStepDefinition.java:66)
	at io.cucumber.core.runner.PickleStepDefinitionMatch.runStep(PickleStepDefinitionMatch.java:63)
	at io.cucumber.core.runner.ExecutionMode$1.execute(ExecutionMode.java:10)
	at io.cucumber.core.runner.TestStep.executeStep(TestStep.java:84)
	at io.cucumber.core.runner.TestStep.run(TestStep.java:56)
	at io.cucumber.core.runner.PickleStepTestStep.run(PickleStepTestStep.java:51)
	at io.cucumber.core.runner.TestCase.run(TestCase.java:84)
	at io.cucumber.core.runner.Runner.runPickle(Runner.java:75)
	at io.cucumber.junit.PickleRunners$NoStepDescriptions.lambda$run$0(PickleRunners.java:151)
	at io.cucumber.core.runtime.CucumberExecutionContext.lambda$runTestCase$5(CucumberExecutionContext.java:137)
	at io.cucumber.core.runtime.RethrowingThrowableCollector.executeAndThrow(RethrowingThrowableCollector.java:23)
	at io.cucumber.core.runtime.CucumberExecutionContext.runTestCase(CucumberExecutionContext.java:137)
	at io.cucumber.junit.PickleRunners$NoStepDescriptions.run(PickleRunners.java:148)
	at io.cucumber.junit.FeatureRunner.runChild(FeatureRunner.java:144)
	at io.cucumber.junit.FeatureRunner.runChild(FeatureRunner.java:28)
	at org.junit.runners.ParentRunner$4.run(ParentRunner.java:331)
	at org.junit.runners.ParentRunner$1.schedule(ParentRunner.java:79)
	at org.junit.runners.ParentRunner.runChildren(ParentRunner.java:329)
	at org.junit.runners.ParentRunner.access$100(ParentRunner.java:66)
	at org.junit.runners.ParentRunner$2.evaluate(ParentRunner.java:293)
	at org.junit.runners.ParentRunner$3.evaluate(ParentRunner.java:306)
	at org.junit.runners.ParentRunner.run(ParentRunner.java:413)
	at io.cucumber.junit.FeatureRunner.run(FeatureRunner.java:137)
	at io.cucumber.junit.Cucumber.runChild(Cucumber.java:196)
	at io.cucumber.junit.Cucumber.runChild(Cucumber.java:89)
	at org.junit.runners.ParentRunner$4.run(ParentRunner.java:331)
	at org.junit.runners.ParentRunner$1.schedule(ParentRunner.java:79)
	at org.junit.runners.ParentRunner.runChildren(ParentRunner.java:329)
	at org.junit.runners.ParentRunner.access$100(ParentRunner.java:66)
	at org.junit.runners.ParentRunner$2.evaluate(ParentRunner.java:293)
	at io.cucumber.core.runtime.CucumberExecutionContext.lambda$runFeatures$6(CucumberExecutionContext.java:148)
	at io.cucumber.core.runtime.CucumberExecutionContext.execute(CucumberExecutionContext.java:163)
	at io.cucumber.core.runtime.CucumberExecutionContext.runFeatures(CucumberExecutionContext.java:146)
	at io.cucumber.junit.Cucumber$StartAndFinishTestRun.evaluate(Cucumber.java:226)
	at org.junit.runners.ParentRunner$3.evaluate(ParentRunner.java:306)
	at org.junit.runners.ParentRunner.run(ParentRunner.java:413)
	at org.eclipse.jdt.internal.junit4.runner.JUnit4TestReference.run(JUnit4TestReference.java:93)
	at org.eclipse.jdt.internal.junit.runner.TestExecution.run(TestExecution.java:40)
	at org.eclipse.jdt.internal.junit.runner.RemoteTestRunner.runTests(RemoteTestRunner.java:529)
	at org.eclipse.jdt.internal.junit.runner.RemoteTestRunner.runTests(RemoteTestRunner.java:757)
	at org.eclipse.jdt.internal.junit.runner.RemoteTestRunner.run(RemoteTestRunner.java:452)
	at org.eclipse.jdt.internal.junit.runner.RemoteTestRunner.main(RemoteTestRunner.java:210)
</textarea>
      
      </div>
              </div>
              <div class="step pass-bg" title="AFTER_STEP">
                <span>StepDefinition.Hooks.getResultStatus(io.cucumber.java.Scenario)</span>
      <div>image
          <div class="row mb-3"><div class="col-md-3">
<img data-featherlight='../screenshots/embedded1.png' src="../screenshots/embedded1.png">
    
    </div></div>
</div>
      <div>
      </div>
              </div>
          </div>
        </div>
  </div>
</div>
          </div>
        </li>
        <li class="test-item"  status="fail" test-id="100"
          author=""
          tag=""
          device="">
          <div class="test-detail">
            <p class="name">CRUD SD Issue</p>
            <p class="text-sm">
              <span>3:43:22 pm</span> / <span>00:02:57:015</span>
              <span class="badge fail-bg log float-right">Fail</span>
            </p>
          </div>
          <div class="test-contents d-none">
<div class="detail-head">
<div class="p-v-10">
<div class="info">
<h5 class="test-status text-fail">CRUD SD Issue</h5>
<span class='badge badge-success'>03.22.2024 3:43:22 pm</span>
<span class='badge badge-danger'>03.22.2024 3:46:19 pm</span>
<span class='badge badge-default'>00:02:57:015</span>
&middot; <span class='uri-anchor badge badge-default'>#test-id=100</span>
<span title='Skip to the next failed step' class='badge badge-danger pointer float-right ne ml-1'><i class="fa fa-fast-forward"></i></span>
<span title='Collapse all nodes' class='badge badge-default pointer float-right ct ml-1'><i class="fa fa-compress"></i></span>
<span title='Expand all nodes' class='badge badge-default pointer float-right et'><i class="fa fa-expand"></i></span>
</div>
<div class="m-t-10 m-l-5"></div>
</div>
</div>
<div class="accordion mt-4">
  <div class="card">
    <div class="card-header" role="tab">
      <div class="card-title">
        <div class="node" id="101"><span class="badge log pass-bg mr-2">Pass</span>User view list SD Issue</div>
      </div>
    </div>
        <div class="collapse">
          <div class="card-body">
              <div class="step pass-bg" title="StepDefinition.SDIssueTest.user_in_homepage()">
                <span>Given User in homepage</span>
      <div>
      </div>
              </div>
              <div class="step pass-bg" title="StepDefinition.SDIssueTest.user_go_to_projects_page()">
                <span>And User go to Projects page</span>
      <div>
      </div>
              </div>
              <div class="step pass-bg" title="StepDefinition.SDIssueTest.user_go_to_sd_issues_page()">
                <span>And User go to SD Issues page</span>
      <div>
      </div>
              </div>
              <div class="step pass-bg" title="StepDefinition.SDIssueTest.user_see_list_sd_issue()">
                <span>Then User see list SD Issue</span>
      <div>
      </div>
              </div>
          </div>
        </div>
  </div>
  <div class="card">
    <div class="card-header" role="tab">
      <div class="card-title">
        <div class="node" id="112"><span class="badge log pass-bg mr-2">Pass</span>User success add new SD Issue</div>
      </div>
    </div>
        <div class="collapse">
          <div class="card-body">
              <div class="step pass-bg" title="StepDefinition.SDIssueTest.user_on_sd_issues_page()">
                <span>Given User on SD Issues Page</span>
      <div>
      </div>
              </div>
              <div class="step pass-bg" title="StepDefinition.SDIssueTest.user_input_issue()">
                <span>And User input issue</span>
      <div>
      </div>
              </div>
              <div class="step pass-bg" title="StepDefinition.SDIssueTest.user_click_button_save()">
                <span>And User click button Save</span>
      <div>
      </div>
              </div>
              <div class="step pass-bg" title="StepDefinition.SDIssueTest.user_success_add_sd_issue()">
                <span>Then User success add SD Issue</span>
      <div>
      </div>
              </div>
          </div>
        </div>
  </div>
  <div class="card">
    <div class="card-header" role="tab">
      <div class="card-title">
        <div class="node" id="123"><span class="badge log pass-bg mr-2">Pass</span>User failed add new SD Issue - Empty</div>
      </div>
    </div>
        <div class="collapse">
          <div class="card-body">
              <div class="step pass-bg" title="StepDefinition.SDIssueTest.user_on_sd_issues_page()">
                <span>Given User on SD Issues Page</span>
      <div>
      </div>
              </div>
              <div class="step pass-bg" title="StepDefinition.SDIssueTest.user_click_button_save()">
                <span>And User click button Save</span>
      <div>
      </div>
              </div>
              <div class="step pass-bg" title="StepDefinition.SDIssueTest.user_get_alert_require_field()">
                <span>Then User get alert require field</span>
      <div>
      </div>
              </div>
          </div>
        </div>
  </div>
  <div class="card">
    <div class="card-header" role="tab">
      <div class="card-title">
        <div class="node" id="132"><span class="badge log fail-bg mr-2">Fail</span>User edit SD Issue</div>
          <div class="status-avatar float-right mr-4">
            <i class="fa fa-paperclip"></i>
          </div>
      </div>
    </div>
        <div class="">
          <div class="card-body">
              <div class="step pass-bg" title="StepDefinition.SDIssueTest.user_in_homepage()">
                <span>Given User in homepage</span>
      <div>
      </div>
              </div>
              <div class="step pass-bg" title="StepDefinition.SDIssueTest.user_go_to_projects_page()">
                <span>And User go to Projects page</span>
      <div>
      </div>
              </div>
              <div class="step pass-bg" title="StepDefinition.SDIssueTest.user_go_to_sd_issues_page()">
                <span>And User go to SD Issues page</span>
      <div>
      </div>
              </div>
              <div class="step fail-bg" title="StepDefinition.SDIssueTest.user_choose_issue()">
                <span>Then User choose Issue</span>
      <div>
        <textarea disabled class="code-block">org.openqa.selenium.NoSuchElementException: Timed out after 30 seconds. Unable to locate the element
	at org.openqa.selenium.support.pagefactory.AjaxElementLocator.findElement(AjaxElementLocator.java:90)
	at org.openqa.selenium.support.pagefactory.internal.LocatingElementHandler.invoke(LocatingElementHandler.java:38)
	at jdk.proxy2/jdk.proxy2.$Proxy24.click(Unknown Source)
	at PageFactory.SDIssuePage.chooseIssue(SDIssuePage.java:181)
	at StepDefinition.SDIssueTest.user_choose_issue(SDIssueTest.java:78)
	at ✽.User choose Issue(file:///D:/SD-ERP-V2/sd-erp-v2/src/test/resources/features/03SDIssue.feature:29)
Caused by: org.openqa.selenium.NoSuchElementException: no such element: Unable to locate element: {"method":"xpath","selector":"//a[@title='Testing Issue 4593']"}
  (Session info: chrome=123.0.6312.59)
For documentation on this error, please visit: https://www.selenium.dev/documentation/webdriver/troubleshooting/errors#no-such-element-exception
Build info: version: '4.18.1', revision: 'b1d3319b48'
System info: os.name: 'Windows 10', os.arch: 'amd64', os.version: '10.0', java.version: '20.0.2'
Driver info: org.openqa.selenium.chrome.ChromeDriver
Command: [1b4f4dbc1f4f9bf97299d96f3b2664ec, findElement {value=//a[@title='Testing Issue 4593'], using=xpath}]
Capabilities {acceptInsecureCerts: false, browserName: chrome, browserVersion: 123.0.6312.59, chrome: {chromedriverVersion: 123.0.6312.58 (6b4b19e9dfbb..., userDataDir: C:\Users\personal\AppData\L...}, fedcm:accounts: true, goog:chromeOptions: {debuggerAddress: localhost:61365}, networkConnectionEnabled: false, pageLoadStrategy: normal, platformName: windows, proxy: Proxy(), se:cdp: ws://localhost:61365/devtoo..., se:cdpVersion: 123.0.6312.59, setWindowRect: true, strictFileInteractability: false, timeouts: {implicit: 0, pageLoad: 300000, script: 30000}, unhandledPromptBehavior: dismiss and notify, webauthn:extension:credBlob: true, webauthn:extension:largeBlob: true, webauthn:extension:minPinLength: true, webauthn:extension:prf: true, webauthn:virtualAuthenticators: true}
Session ID: 1b4f4dbc1f4f9bf97299d96f3b2664ec
	at java.base/jdk.internal.reflect.DirectConstructorHandleAccessor.newInstance(DirectConstructorHandleAccessor.java:67)
	at java.base/java.lang.reflect.Constructor.newInstanceWithCaller(Constructor.java:500)
	at java.base/java.lang.reflect.Constructor.newInstance(Constructor.java:484)
	at org.openqa.selenium.remote.ErrorCodec.decode(ErrorCodec.java:167)
	at org.openqa.selenium.remote.codec.w3c.W3CHttpResponseCodec.decode(W3CHttpResponseCodec.java:138)
	at org.openqa.selenium.remote.codec.w3c.W3CHttpResponseCodec.decode(W3CHttpResponseCodec.java:50)
	at org.openqa.selenium.remote.HttpCommandExecutor.execute(HttpCommandExecutor.java:190)
	at org.openqa.selenium.remote.service.DriverCommandExecutor.invokeExecute(DriverCommandExecutor.java:216)
	at org.openqa.selenium.remote.service.DriverCommandExecutor.execute(DriverCommandExecutor.java:174)
	at org.openqa.selenium.remote.RemoteWebDriver.execute(RemoteWebDriver.java:519)
	at org.openqa.selenium.remote.ElementLocation$ElementFinder$2.findElement(ElementLocation.java:165)
	at org.openqa.selenium.remote.ElementLocation.findElement(ElementLocation.java:59)
	at org.openqa.selenium.remote.RemoteWebDriver.findElement(RemoteWebDriver.java:356)
	at org.openqa.selenium.remote.RemoteWebDriver.findElement(RemoteWebDriver.java:350)
	at org.openqa.selenium.support.pagefactory.DefaultElementLocator.findElement(DefaultElementLocator.java:68)
	at org.openqa.selenium.support.pagefactory.AjaxElementLocator.access$001(AjaxElementLocator.java:38)
	at org.openqa.selenium.support.pagefactory.AjaxElementLocator$SlowLoadingElement.isLoaded(AjaxElementLocator.java:156)
	at org.openqa.selenium.support.ui.SlowLoadableComponent.get(SlowLoadableComponent.java:79)
	at org.openqa.selenium.support.pagefactory.AjaxElementLocator.findElement(AjaxElementLocator.java:86)
	at org.openqa.selenium.support.pagefactory.internal.LocatingElementHandler.invoke(LocatingElementHandler.java:38)
	at jdk.proxy2/jdk.proxy2.$Proxy24.click(Unknown Source)
	at PageFactory.SDIssuePage.chooseIssue(SDIssuePage.java:181)
	at StepDefinition.SDIssueTest.user_choose_issue(SDIssueTest.java:78)
	at java.base/jdk.internal.reflect.DirectMethodHandleAccessor.invoke(DirectMethodHandleAccessor.java:104)
	at java.base/java.lang.reflect.Method.invoke(Method.java:578)
	at io.cucumber.java.Invoker.doInvoke(Invoker.java:66)
	at io.cucumber.java.Invoker.invoke(Invoker.java:24)
	at io.cucumber.java.AbstractGlueDefinition.invokeMethod(AbstractGlueDefinition.java:47)
	at io.cucumber.java.JavaStepDefinition.execute(JavaStepDefinition.java:29)
	at io.cucumber.core.runner.CoreStepDefinition.execute(CoreStepDefinition.java:66)
	at io.cucumber.core.runner.PickleStepDefinitionMatch.runStep(PickleStepDefinitionMatch.java:63)
	at io.cucumber.core.runner.ExecutionMode$1.execute(ExecutionMode.java:10)
	at io.cucumber.core.runner.TestStep.executeStep(TestStep.java:84)
	at io.cucumber.core.runner.TestStep.run(TestStep.java:56)
	at io.cucumber.core.runner.PickleStepTestStep.run(PickleStepTestStep.java:51)
	at io.cucumber.core.runner.TestCase.run(TestCase.java:84)
	at io.cucumber.core.runner.Runner.runPickle(Runner.java:75)
	at io.cucumber.junit.PickleRunners$NoStepDescriptions.lambda$run$0(PickleRunners.java:151)
	at io.cucumber.core.runtime.CucumberExecutionContext.lambda$runTestCase$5(CucumberExecutionContext.java:137)
	at io.cucumber.core.runtime.RethrowingThrowableCollector.executeAndThrow(RethrowingThrowableCollector.java:23)
	at io.cucumber.core.runtime.CucumberExecutionContext.runTestCase(CucumberExecutionContext.java:137)
	at io.cucumber.junit.PickleRunners$NoStepDescriptions.run(PickleRunners.java:148)
	at io.cucumber.junit.FeatureRunner.runChild(FeatureRunner.java:144)
	at io.cucumber.junit.FeatureRunner.runChild(FeatureRunner.java:28)
	at org.junit.runners.ParentRunner$4.run(ParentRunner.java:331)
	at org.junit.runners.ParentRunner$1.schedule(ParentRunner.java:79)
	at org.junit.runners.ParentRunner.runChildren(ParentRunner.java:329)
	at org.junit.runners.ParentRunner.access$100(ParentRunner.java:66)
	at org.junit.runners.ParentRunner$2.evaluate(ParentRunner.java:293)
	at org.junit.runners.ParentRunner$3.evaluate(ParentRunner.java:306)
	at org.junit.runners.ParentRunner.run(ParentRunner.java:413)
	at io.cucumber.junit.FeatureRunner.run(FeatureRunner.java:137)
	at io.cucumber.junit.Cucumber.runChild(Cucumber.java:196)
	at io.cucumber.junit.Cucumber.runChild(Cucumber.java:89)
	at org.junit.runners.ParentRunner$4.run(ParentRunner.java:331)
	at org.junit.runners.ParentRunner$1.schedule(ParentRunner.java:79)
	at org.junit.runners.ParentRunner.runChildren(ParentRunner.java:329)
	at org.junit.runners.ParentRunner.access$100(ParentRunner.java:66)
	at org.junit.runners.ParentRunner$2.evaluate(ParentRunner.java:293)
	at io.cucumber.core.runtime.CucumberExecutionContext.lambda$runFeatures$6(CucumberExecutionContext.java:148)
	at io.cucumber.core.runtime.CucumberExecutionContext.execute(CucumberExecutionContext.java:163)
	at io.cucumber.core.runtime.CucumberExecutionContext.runFeatures(CucumberExecutionContext.java:146)
	at io.cucumber.junit.Cucumber$StartAndFinishTestRun.evaluate(Cucumber.java:226)
	at org.junit.runners.ParentRunner$3.evaluate(ParentRunner.java:306)
	at org.junit.runners.ParentRunner.run(ParentRunner.java:413)
	at org.eclipse.jdt.internal.junit4.runner.JUnit4TestReference.run(JUnit4TestReference.java:93)
	at org.eclipse.jdt.internal.junit.runner.TestExecution.run(TestExecution.java:40)
	at org.eclipse.jdt.internal.junit.runner.RemoteTestRunner.runTests(RemoteTestRunner.java:529)
	at org.eclipse.jdt.internal.junit.runner.RemoteTestRunner.runTests(RemoteTestRunner.java:757)
	at org.eclipse.jdt.internal.junit.runner.RemoteTestRunner.run(RemoteTestRunner.java:452)
	at org.eclipse.jdt.internal.junit.runner.RemoteTestRunner.main(RemoteTestRunner.java:210)
</textarea>
      
      </div>
              </div>
              <div class="step pass-bg" title="AFTER_STEP">
                <span>StepDefinition.Hooks.getResultStatus(io.cucumber.java.Scenario)</span>
      <div>image
          <div class="row mb-3"><div class="col-md-3">
<img data-featherlight='../screenshots/embedded2.png' src="../screenshots/embedded2.png">
    
    </div></div>
</div>
      <div>
      </div>
              </div>
              <div class="step skip-bg" title="StepDefinition.SDIssueTest.user_edit_issue()">
                <span>And User edit Issue</span>
      <div>Step skipped
      </div>
              </div>
              <div class="step skip-bg" title="StepDefinition.SDIssueTest.user_click_button_save()">
                <span>And User click button Save</span>
      <div>Step skipped
      </div>
              </div>
              <div class="step skip-bg" title="StepDefinition.SDIssueTest.user_get_alert_success()">
                <span>And User get alert success</span>
      <div>Step skipped
      </div>
              </div>
          </div>
        </div>
  </div>
  <div class="card">
    <div class="card-header" role="tab">
      <div class="card-title">
        <div class="node" id="149"><span class="badge log fail-bg mr-2">Fail</span>User search issue - with result</div>
          <div class="status-avatar float-right mr-4">
            <i class="fa fa-paperclip"></i>
          </div>
      </div>
    </div>
        <div class="">
          <div class="card-body">
              <div class="step pass-bg" title="StepDefinition.SDIssueTest.user_in_homepage()">
                <span>Given User in homepage</span>
      <div>
      </div>
              </div>
              <div class="step pass-bg" title="StepDefinition.SDIssueTest.user_go_to_projects_page()">
                <span>And User go to Projects page</span>
      <div>
      </div>
              </div>
              <div class="step pass-bg" title="StepDefinition.SDIssueTest.user_go_to_sd_issues_page()">
                <span>And User go to SD Issues page</span>
      <div>
      </div>
              </div>
              <div class="step pass-bg" title="StepDefinition.SDIssueTest.user_search_issue_by_subject()">
                <span>And User search issue by subject</span>
      <div>
      </div>
              </div>
              <div class="step fail-bg" title="StepDefinition.SDIssueTest.user_get_the_result()">
                <span>Then User get the result</span>
      <div>
        <textarea disabled class="code-block">org.openqa.selenium.NoSuchElementException: Timed out after 30 seconds. Unable to locate the element
	at org.openqa.selenium.support.pagefactory.AjaxElementLocator.findElement(AjaxElementLocator.java:90)
	at org.openqa.selenium.support.pagefactory.internal.LocatingElementHandler.invoke(LocatingElementHandler.java:38)
	at jdk.proxy2/jdk.proxy2.$Proxy24.getText(Unknown Source)
	at PageFactory.SDIssuePage.verifyResult(SDIssuePage.java:203)
	at StepDefinition.SDIssueTest.user_get_the_result(SDIssueTest.java:99)
	at ✽.User get the result(file:///D:/SD-ERP-V2/sd-erp-v2/src/test/resources/features/03SDIssue.feature:40)
Caused by: org.openqa.selenium.NoSuchElementException: no such element: Unable to locate element: {"method":"xpath","selector":"//a[@title='Testing Issue 4593']"}
  (Session info: chrome=123.0.6312.59)
For documentation on this error, please visit: https://www.selenium.dev/documentation/webdriver/troubleshooting/errors#no-such-element-exception
Build info: version: '4.18.1', revision: 'b1d3319b48'
System info: os.name: 'Windows 10', os.arch: 'amd64', os.version: '10.0', java.version: '20.0.2'
Driver info: org.openqa.selenium.chrome.ChromeDriver
Command: [2416502b6df7835637c1fa46911e0883, findElement {value=//a[@title='Testing Issue 4593'], using=xpath}]
Capabilities {acceptInsecureCerts: false, browserName: chrome, browserVersion: 123.0.6312.59, chrome: {chromedriverVersion: 123.0.6312.58 (6b4b19e9dfbb..., userDataDir: C:\Users\personal\AppData\L...}, fedcm:accounts: true, goog:chromeOptions: {debuggerAddress: localhost:61470}, networkConnectionEnabled: false, pageLoadStrategy: normal, platformName: windows, proxy: Proxy(), se:cdp: ws://localhost:61470/devtoo..., se:cdpVersion: 123.0.6312.59, setWindowRect: true, strictFileInteractability: false, timeouts: {implicit: 0, pageLoad: 300000, script: 30000}, unhandledPromptBehavior: dismiss and notify, webauthn:extension:credBlob: true, webauthn:extension:largeBlob: true, webauthn:extension:minPinLength: true, webauthn:extension:prf: true, webauthn:virtualAuthenticators: true}
Session ID: 2416502b6df7835637c1fa46911e0883
	at java.base/jdk.internal.reflect.DirectConstructorHandleAccessor.newInstance(DirectConstructorHandleAccessor.java:67)
	at java.base/java.lang.reflect.Constructor.newInstanceWithCaller(Constructor.java:500)
	at java.base/java.lang.reflect.Constructor.newInstance(Constructor.java:484)
	at org.openqa.selenium.remote.ErrorCodec.decode(ErrorCodec.java:167)
	at org.openqa.selenium.remote.codec.w3c.W3CHttpResponseCodec.decode(W3CHttpResponseCodec.java:138)
	at org.openqa.selenium.remote.codec.w3c.W3CHttpResponseCodec.decode(W3CHttpResponseCodec.java:50)
	at org.openqa.selenium.remote.HttpCommandExecutor.execute(HttpCommandExecutor.java:190)
	at org.openqa.selenium.remote.service.DriverCommandExecutor.invokeExecute(DriverCommandExecutor.java:216)
	at org.openqa.selenium.remote.service.DriverCommandExecutor.execute(DriverCommandExecutor.java:174)
	at org.openqa.selenium.remote.RemoteWebDriver.execute(RemoteWebDriver.java:519)
	at org.openqa.selenium.remote.ElementLocation$ElementFinder$2.findElement(ElementLocation.java:165)
	at org.openqa.selenium.remote.ElementLocation.findElement(ElementLocation.java:59)
	at org.openqa.selenium.remote.RemoteWebDriver.findElement(RemoteWebDriver.java:356)
	at org.openqa.selenium.remote.RemoteWebDriver.findElement(RemoteWebDriver.java:350)
	at org.openqa.selenium.support.pagefactory.DefaultElementLocator.findElement(DefaultElementLocator.java:68)
	at org.openqa.selenium.support.pagefactory.AjaxElementLocator.access$001(AjaxElementLocator.java:38)
	at org.openqa.selenium.support.pagefactory.AjaxElementLocator$SlowLoadingElement.isLoaded(AjaxElementLocator.java:156)
	at org.openqa.selenium.support.ui.SlowLoadableComponent.get(SlowLoadableComponent.java:79)
	at org.openqa.selenium.support.pagefactory.AjaxElementLocator.findElement(AjaxElementLocator.java:86)
	at org.openqa.selenium.support.pagefactory.internal.LocatingElementHandler.invoke(LocatingElementHandler.java:38)
	at jdk.proxy2/jdk.proxy2.$Proxy24.getText(Unknown Source)
	at PageFactory.SDIssuePage.verifyResult(SDIssuePage.java:203)
	at StepDefinition.SDIssueTest.user_get_the_result(SDIssueTest.java:99)
	at java.base/jdk.internal.reflect.DirectMethodHandleAccessor.invoke(DirectMethodHandleAccessor.java:104)
	at java.base/java.lang.reflect.Method.invoke(Method.java:578)
	at io.cucumber.java.Invoker.doInvoke(Invoker.java:66)
	at io.cucumber.java.Invoker.invoke(Invoker.java:24)
	at io.cucumber.java.AbstractGlueDefinition.invokeMethod(AbstractGlueDefinition.java:47)
	at io.cucumber.java.JavaStepDefinition.execute(JavaStepDefinition.java:29)
	at io.cucumber.core.runner.CoreStepDefinition.execute(CoreStepDefinition.java:66)
	at io.cucumber.core.runner.PickleStepDefinitionMatch.runStep(PickleStepDefinitionMatch.java:63)
	at io.cucumber.core.runner.ExecutionMode$1.execute(ExecutionMode.java:10)
	at io.cucumber.core.runner.TestStep.executeStep(TestStep.java:84)
	at io.cucumber.core.runner.TestStep.run(TestStep.java:56)
	at io.cucumber.core.runner.PickleStepTestStep.run(PickleStepTestStep.java:51)
	at io.cucumber.core.runner.TestCase.run(TestCase.java:84)
	at io.cucumber.core.runner.Runner.runPickle(Runner.java:75)
	at io.cucumber.junit.PickleRunners$NoStepDescriptions.lambda$run$0(PickleRunners.java:151)
	at io.cucumber.core.runtime.CucumberExecutionContext.lambda$runTestCase$5(CucumberExecutionContext.java:137)
	at io.cucumber.core.runtime.RethrowingThrowableCollector.executeAndThrow(RethrowingThrowableCollector.java:23)
	at io.cucumber.core.runtime.CucumberExecutionContext.runTestCase(CucumberExecutionContext.java:137)
	at io.cucumber.junit.PickleRunners$NoStepDescriptions.run(PickleRunners.java:148)
	at io.cucumber.junit.FeatureRunner.runChild(FeatureRunner.java:144)
	at io.cucumber.junit.FeatureRunner.runChild(FeatureRunner.java:28)
	at org.junit.runners.ParentRunner$4.run(ParentRunner.java:331)
	at org.junit.runners.ParentRunner$1.schedule(ParentRunner.java:79)
	at org.junit.runners.ParentRunner.runChildren(ParentRunner.java:329)
	at org.junit.runners.ParentRunner.access$100(ParentRunner.java:66)
	at org.junit.runners.ParentRunner$2.evaluate(ParentRunner.java:293)
	at org.junit.runners.ParentRunner$3.evaluate(ParentRunner.java:306)
	at org.junit.runners.ParentRunner.run(ParentRunner.java:413)
	at io.cucumber.junit.FeatureRunner.run(FeatureRunner.java:137)
	at io.cucumber.junit.Cucumber.runChild(Cucumber.java:196)
	at io.cucumber.junit.Cucumber.runChild(Cucumber.java:89)
	at org.junit.runners.ParentRunner$4.run(ParentRunner.java:331)
	at org.junit.runners.ParentRunner$1.schedule(ParentRunner.java:79)
	at org.junit.runners.ParentRunner.runChildren(ParentRunner.java:329)
	at org.junit.runners.ParentRunner.access$100(ParentRunner.java:66)
	at org.junit.runners.ParentRunner$2.evaluate(ParentRunner.java:293)
	at io.cucumber.core.runtime.CucumberExecutionContext.lambda$runFeatures$6(CucumberExecutionContext.java:148)
	at io.cucumber.core.runtime.CucumberExecutionContext.execute(CucumberExecutionContext.java:163)
	at io.cucumber.core.runtime.CucumberExecutionContext.runFeatures(CucumberExecutionContext.java:146)
	at io.cucumber.junit.Cucumber$StartAndFinishTestRun.evaluate(Cucumber.java:226)
	at org.junit.runners.ParentRunner$3.evaluate(ParentRunner.java:306)
	at org.junit.runners.ParentRunner.run(ParentRunner.java:413)
	at org.eclipse.jdt.internal.junit4.runner.JUnit4TestReference.run(JUnit4TestReference.java:93)
	at org.eclipse.jdt.internal.junit.runner.TestExecution.run(TestExecution.java:40)
	at org.eclipse.jdt.internal.junit.runner.RemoteTestRunner.runTests(RemoteTestRunner.java:529)
	at org.eclipse.jdt.internal.junit.runner.RemoteTestRunner.runTests(RemoteTestRunner.java:757)
	at org.eclipse.jdt.internal.junit.runner.RemoteTestRunner.run(RemoteTestRunner.java:452)
	at org.eclipse.jdt.internal.junit.runner.RemoteTestRunner.main(RemoteTestRunner.java:210)
</textarea>
      
      </div>
              </div>
              <div class="step pass-bg" title="AFTER_STEP">
                <span>StepDefinition.Hooks.getResultStatus(io.cucumber.java.Scenario)</span>
      <div>image
          <div class="row mb-3"><div class="col-md-3">
<img data-featherlight='../screenshots/embedded3.png' src="../screenshots/embedded3.png">
    
    </div></div>
</div>
      <div>
      </div>
              </div>
          </div>
        </div>
  </div>
  <div class="card">
    <div class="card-header" role="tab">
      <div class="card-title">
        <div class="node" id="162"><span class="badge log pass-bg mr-2">Pass</span>User search issue - no result</div>
      </div>
    </div>
        <div class="collapse">
          <div class="card-body">
              <div class="step pass-bg" title="StepDefinition.SDIssueTest.user_in_homepage()">
                <span>Given User in homepage</span>
      <div>
      </div>
              </div>
              <div class="step pass-bg" title="StepDefinition.SDIssueTest.user_go_to_projects_page()">
                <span>And User go to Projects page</span>
      <div>
      </div>
              </div>
              <div class="step pass-bg" title="StepDefinition.SDIssueTest.user_go_to_sd_issues_page()">
                <span>And User go to SD Issues page</span>
      <div>
      </div>
              </div>
              <div class="step pass-bg" title="StepDefinition.SDIssueTest.user_search_invalid_issue_by_subject()">
                <span>And User search invalid issue by subject</span>
      <div>
      </div>
              </div>
              <div class="step pass-bg" title="StepDefinition.SDIssueTest.user_get_no_result()">
                <span>Then User get no result</span>
      <div>
      </div>
              </div>
          </div>
        </div>
  </div>
  <div class="card">
    <div class="card-header" role="tab">
      <div class="card-title">
        <div class="node" id="175"><span class="badge log pass-bg mr-2">Pass</span>User filter assign to me</div>
      </div>
    </div>
        <div class="collapse">
          <div class="card-body">
              <div class="step pass-bg" title="StepDefinition.SDIssueTest.user_in_homepage()">
                <span>Given User in homepage</span>
      <div>
      </div>
              </div>
              <div class="step pass-bg" title="StepDefinition.SDIssueTest.user_go_to_projects_page()">
                <span>And User go to Projects page</span>
      <div>
      </div>
              </div>
              <div class="step pass-bg" title="StepDefinition.SDIssueTest.user_go_to_sd_issues_page()">
                <span>And User go to SD Issues page</span>
      <div>
      </div>
              </div>
              <div class="step pass-bg" title="StepDefinition.SDIssueTest.user_click_assign_to_me()">
                <span>And User click assign to me</span>
      <div>
      </div>
              </div>
              <div class="step pass-bg" title="StepDefinition.SDIssueTest.user_get_result()">
                <span>Then User get result</span>
      <div>
      </div>
              </div>
          </div>
        </div>
  </div>
  <div class="card">
    <div class="card-header" role="tab">
      <div class="card-title">
        <div class="node" id="188"><span class="badge log pass-bg mr-2">Pass</span>User filter status</div>
      </div>
    </div>
        <div class="collapse">
          <div class="card-body">
              <div class="step pass-bg" title="StepDefinition.SDIssueTest.user_in_homepage()">
                <span>Given User in homepage</span>
      <div>
      </div>
              </div>
              <div class="step pass-bg" title="StepDefinition.SDIssueTest.user_go_to_projects_page()">
                <span>And User go to Projects page</span>
      <div>
      </div>
              </div>
              <div class="step pass-bg" title="StepDefinition.SDIssueTest.user_go_to_sd_issues_page()">
                <span>And User go to SD Issues page</span>
      <div>
      </div>
              </div>
              <div class="step pass-bg" title="StepDefinition.SDIssueTest.user_choose_status()">
                <span>And User choose status</span>
      <div>
      </div>
              </div>
              <div class="step pass-bg" title="StepDefinition.SDIssueTest.user_get_result_with_status()">
                <span>Then User get result with status</span>
      <div>
      </div>
              </div>
          </div>
        </div>
  </div>
  <div class="card">
    <div class="card-header" role="tab">
      <div class="card-title">
        <div class="node" id="201"><span class="badge log pass-bg mr-2">Pass</span>User change status to closed</div>
      </div>
    </div>
        <div class="collapse">
          <div class="card-body">
              <div class="step pass-bg" title="StepDefinition.SDIssueTest.user_in_homepage()">
                <span>Given User in homepage</span>
      <div>
      </div>
              </div>
              <div class="step pass-bg" title="StepDefinition.SDIssueTest.user_go_to_projects_page()">
                <span>And User go to Projects page</span>
      <div>
      </div>
              </div>
              <div class="step pass-bg" title="StepDefinition.SDIssueTest.user_go_to_sd_issues_page()">
                <span>And User go to SD Issues page</span>
      <div>
      </div>
              </div>
              <div class="step pass-bg" title="StepDefinition.SDIssueTest.user_choose_status_and_issue()">
                <span>And User choose Status and Issue</span>
      <div>
      </div>
              </div>
              <div class="step pass-bg" title="StepDefinition.SDIssueTest.user_change_status()">
                <span>And User change status</span>
      <div>
      </div>
              </div>
              <div class="step pass-bg" title="StepDefinition.SDIssueTest.user_click_button_save()">
                <span>And User click button Save</span>
      <div>
      </div>
              </div>
              <div class="step pass-bg" title="StepDefinition.SDIssueTest.status_changed()">
                <span>Then Status changed</span>
      <div>
      </div>
              </div>
          </div>
        </div>
  </div>
</div>
          </div>
        </li>
      </ul>
    </div>
  </div>
<div class="test-content scrollable">
<div class="test-content-tools">
<ul><li><a class="back-to-test" href="#"><i class="fa fa-arrow-left"></i></a></li></ul>
</div>
<div class="test-content-detail"><div class="detail-body"></div></div>
</div></div>
<div class="test-wrapper row view category-view attributes-view">
<div class="test-list">
<div class="test-list-tools">
<ul class="tools pull-left"><li><a href=""><span class="font-size-14">Category</span></a></li></ul>
<ul class="tools text-right"><li><a href="#"><span class="badge badge-primary">16</span></a></li></ul>
</div>
<div class="test-list-wrapper scrollable">
<ul class="test-list-item">
<li class="test-item">
<div class="test-detail">
<span class="meta">
<span class='badge log pass-bg'>7</span>
<span class='badge log badge-danger'>2</span>
</span>
<p class="name">@issue</p>
<p class="duration text-sm">9 tests</p>
</div>
<div class="test-contents d-none">
<div class="info">
<h4>@issue</h4>
<span status="pass" class='badge log pass-bg'>7 passed</span>
<span status="fail" class='badge log badge-danger'>2 failed</span>
</div>
<table class='table table-sm mt-4'>
<thead>
<tr>
<th class="status-col">Status</th>
<th class="timestamp-col">Timestamp</th>
<th>TestName</th>
</tr>
</thead>
<tbody>
<tr class="tag-test-status" status="pass">
<td><span class="badge log pass-bg">Pass</span></td>
<td>15:43:22 pm</td>
<td>
<a href="#" class="linked" test-id='100' id='101'>User view list SD Issue</a>
<div class="">
<span class="badge badge-default">CRUD SD Issue.User view list SD Issue</span>
</div>
</td>
</tr>
<tr class="tag-test-status" status="pass">
<td><span class="badge log pass-bg">Pass</span></td>
<td>15:43:31 pm</td>
<td>
<a href="#" class="linked" test-id='100' id='112'>User success add new SD Issue</a>
<div class="">
<span class="badge badge-default">CRUD SD Issue.User success add new SD Issue</span>
</div>
</td>
</tr>
<tr class="tag-test-status" status="pass">
<td><span class="badge log pass-bg">Pass</span></td>
<td>15:43:45 pm</td>
<td>
<a href="#" class="linked" test-id='100' id='123'>User failed add new SD Issue - Empty</a>
<div class="">
<span class="badge badge-default">CRUD SD Issue.User failed add new SD Issue - Empty</span>
</div>
</td>
</tr>
<tr class="tag-test-status" status="fail">
<td><span class="badge log fail-bg">Fail</span></td>
<td>15:43:54 pm</td>
<td>
<a href="#" class="linked" test-id='100' id='132'>User edit SD Issue</a>
<div class="">
<span class="badge badge-default">CRUD SD Issue.User edit SD Issue</span>
</div>
</td>
</tr>
<tr class="tag-test-status" status="fail">
<td><span class="badge log fail-bg">Fail</span></td>
<td>15:44:33 pm</td>
<td>
<a href="#" class="linked" test-id='100' id='149'>User search issue - with result</a>
<div class="">
<span class="badge badge-default">CRUD SD Issue.User search issue - with result</span>
</div>
</td>
</tr>
<tr class="tag-test-status" status="pass">
<td><span class="badge log pass-bg">Pass</span></td>
<td>15:45:16 pm</td>
<td>
<a href="#" class="linked" test-id='100' id='162'>User search issue - no result</a>
<div class="">
<span class="badge badge-default">CRUD SD Issue.User search issue - no result</span>
</div>
</td>
</tr>
<tr class="tag-test-status" status="pass">
<td><span class="badge log pass-bg">Pass</span></td>
<td>15:45:27 pm</td>
<td>
<a href="#" class="linked" test-id='100' id='175'>User filter assign to me</a>
<div class="">
<span class="badge badge-default">CRUD SD Issue.User filter assign to me</span>
</div>
</td>
</tr>
<tr class="tag-test-status" status="pass">
<td><span class="badge log pass-bg">Pass</span></td>
<td>15:45:38 pm</td>
<td>
<a href="#" class="linked" test-id='100' id='188'>User filter status</a>
<div class="">
<span class="badge badge-default">CRUD SD Issue.User filter status</span>
</div>
</td>
</tr>
<tr class="tag-test-status" status="pass">
<td><span class="badge log pass-bg">Pass</span></td>
<td>15:45:48 pm</td>
<td>
<a href="#" class="linked" test-id='100' id='201'>User change status to closed</a>
<div class="">
<span class="badge badge-default">CRUD SD Issue.User change status to closed</span>
</div>
</td>
</tr>
</tbody>
</table>
</div>
</li>
<li class="test-item">
<div class="test-detail">
<span class="meta">
<span class='badge log pass-bg'>15</span>
<span class='badge log badge-danger'>3</span>
</span>
<p class="name">@All</p>
<p class="duration text-sm">18 tests</p>
</div>
<div class="test-contents d-none">
<div class="info">
<h4>@All</h4>
<span status="pass" class='badge log pass-bg'>15 passed</span>
<span status="fail" class='badge log badge-danger'>3 failed</span>
</div>
<table class='table table-sm mt-4'>
<thead>
<tr>
<th class="status-col">Status</th>
<th class="timestamp-col">Timestamp</th>
<th>TestName</th>
</tr>
</thead>
<tbody>
<tr class="tag-test-status" status="pass">
<td><span class="badge log pass-bg">Pass</span></td>
<td>15:40:56 pm</td>
<td>
<a href="#" class="linked" test-id='1' id='2'>User success login</a>
<div class="">
<span class="badge badge-default">Login Page.User success login</span>
</div>
</td>
</tr>
<tr class="tag-test-status" status="pass">
<td><span class="badge log pass-bg">Pass</span></td>
<td>15:41:05 pm</td>
<td>
<a href="#" class="linked" test-id='1' id='13'>User failed login - invalid credential</a>
<div class="">
<span class="badge badge-default">Login Page.User failed login - invalid credential</span>
</div>
</td>
</tr>
<tr class="tag-test-status" status="pass">
<td><span class="badge log pass-bg">Pass</span></td>
<td>15:41:10 pm</td>
<td>
<a href="#" class="linked" test-id='24' id='25'>User view list Timesheet</a>
<div class="">
<span class="badge badge-default">CRUD Timesheet.User view list Timesheet</span>
</div>
</td>
</tr>
<tr class="tag-test-status" status="pass">
<td><span class="badge log pass-bg">Pass</span></td>
<td>15:41:21 pm</td>
<td>
<a href="#" class="linked" test-id='24' id='34'>User add new Timesheet</a>
<div class="">
<span class="badge badge-default">CRUD Timesheet.User add new Timesheet</span>
</div>
</td>
</tr>
<tr class="tag-test-status" status="pass">
<td><span class="badge log pass-bg">Pass</span></td>
<td>15:41:52 pm</td>
<td>
<a href="#" class="linked" test-id='24' id='45'>User failed add new Timesheet - Empty values</a>
<div class="">
<span class="badge badge-default">CRUD Timesheet.User failed add new Timesheet - Empty values</span>
</div>
</td>
</tr>
<tr class="tag-test-status" status="pass">
<td><span class="badge log pass-bg">Pass</span></td>
<td>15:42:06 pm</td>
<td>
<a href="#" class="linked" test-id='24' id='56'>User edit Timesheet</a>
<div class="">
<span class="badge badge-default">CRUD Timesheet.User edit Timesheet</span>
</div>
</td>
</tr>
<tr class="tag-test-status" status="pass">
<td><span class="badge log pass-bg">Pass</span></td>
<td>15:42:18 pm</td>
<td>
<a href="#" class="linked" test-id='24' id='67'>User stop timer</a>
<div class="">
<span class="badge badge-default">CRUD Timesheet.User stop timer</span>
</div>
</td>
</tr>
<tr class="tag-test-status" status="pass">
<td><span class="badge log pass-bg">Pass</span></td>
<td>15:42:28 pm</td>
<td>
<a href="#" class="linked" test-id='24' id='78'>User delete Timesheet</a>
<div class="">
<span class="badge badge-default">CRUD Timesheet.User delete Timesheet</span>
</div>
</td>
</tr>
<tr class="tag-test-status" status="fail">
<td><span class="badge log fail-bg">Fail</span></td>
<td>15:42:43 pm</td>
<td>
<a href="#" class="linked" test-id='24' id='91'>User submit timesheet</a>
<div class="">
<span class="badge badge-default">CRUD Timesheet.User submit timesheet</span>
</div>
</td>
</tr>
<tr class="tag-test-status" status="pass">
<td><span class="badge log pass-bg">Pass</span></td>
<td>15:43:22 pm</td>
<td>
<a href="#" class="linked" test-id='100' id='101'>User view list SD Issue</a>
<div class="">
<span class="badge badge-default">CRUD SD Issue.User view list SD Issue</span>
</div>
</td>
</tr>
<tr class="tag-test-status" status="pass">
<td><span class="badge log pass-bg">Pass</span></td>
<td>15:43:31 pm</td>
<td>
<a href="#" class="linked" test-id='100' id='112'>User success add new SD Issue</a>
<div class="">
<span class="badge badge-default">CRUD SD Issue.User success add new SD Issue</span>
</div>
</td>
</tr>
<tr class="tag-test-status" status="pass">
<td><span class="badge log pass-bg">Pass</span></td>
<td>15:43:45 pm</td>
<td>
<a href="#" class="linked" test-id='100' id='123'>User failed add new SD Issue - Empty</a>
<div class="">
<span class="badge badge-default">CRUD SD Issue.User failed add new SD Issue - Empty</span>
</div>
</td>
</tr>
<tr class="tag-test-status" status="fail">
<td><span class="badge log fail-bg">Fail</span></td>
<td>15:43:54 pm</td>
<td>
<a href="#" class="linked" test-id='100' id='132'>User edit SD Issue</a>
<div class="">
<span class="badge badge-default">CRUD SD Issue.User edit SD Issue</span>
</div>
</td>
</tr>
<tr class="tag-test-status" status="fail">
<td><span class="badge log fail-bg">Fail</span></td>
<td>15:44:33 pm</td>
<td>
<a href="#" class="linked" test-id='100' id='149'>User search issue - with result</a>
<div class="">
<span class="badge badge-default">CRUD SD Issue.User search issue - with result</span>
</div>
</td>
</tr>
<tr class="tag-test-status" status="pass">
<td><span class="badge log pass-bg">Pass</span></td>
<td>15:45:16 pm</td>
<td>
<a href="#" class="linked" test-id='100' id='162'>User search issue - no result</a>
<div class="">
<span class="badge badge-default">CRUD SD Issue.User search issue - no result</span>
</div>
</td>
</tr>
<tr class="tag-test-status" status="pass">
<td><span class="badge log pass-bg">Pass</span></td>
<td>15:45:27 pm</td>
<td>
<a href="#" class="linked" test-id='100' id='175'>User filter assign to me</a>
<div class="">
<span class="badge badge-default">CRUD SD Issue.User filter assign to me</span>
</div>
</td>
</tr>
<tr class="tag-test-status" status="pass">
<td><span class="badge log pass-bg">Pass</span></td>
<td>15:45:38 pm</td>
<td>
<a href="#" class="linked" test-id='100' id='188'>User filter status</a>
<div class="">
<span class="badge badge-default">CRUD SD Issue.User filter status</span>
</div>
</td>
</tr>
<tr class="tag-test-status" status="pass">
<td><span class="badge log pass-bg">Pass</span></td>
<td>15:45:48 pm</td>
<td>
<a href="#" class="linked" test-id='100' id='201'>User change status to closed</a>
<div class="">
<span class="badge badge-default">CRUD SD Issue.User change status to closed</span>
</div>
</td>
</tr>
</tbody>
</table>
</div>
</li>
<li class="test-item">
<div class="test-detail">
<span class="meta">
<span class='badge log pass-bg'>3</span>
<span class='badge log badge-danger'>1</span>
</span>
<p class="name">@positive</p>
<p class="duration text-sm">4 tests</p>
</div>
<div class="test-contents d-none">
<div class="info">
<h4>@positive</h4>
<span status="pass" class='badge log pass-bg'>3 passed</span>
<span status="fail" class='badge log badge-danger'>1 failed</span>
</div>
<table class='table table-sm mt-4'>
<thead>
<tr>
<th class="status-col">Status</th>
<th class="timestamp-col">Timestamp</th>
<th>TestName</th>
</tr>
</thead>
<tbody>
<tr class="tag-test-status" status="pass">
<td><span class="badge log pass-bg">Pass</span></td>
<td>15:40:56 pm</td>
<td>
<a href="#" class="linked" test-id='1' id='2'>User success login</a>
<div class="">
<span class="badge badge-default">Login Page.User success login</span>
</div>
</td>
</tr>
<tr class="tag-test-status" status="pass">
<td><span class="badge log pass-bg">Pass</span></td>
<td>15:41:21 pm</td>
<td>
<a href="#" class="linked" test-id='24' id='34'>User add new Timesheet</a>
<div class="">
<span class="badge badge-default">CRUD Timesheet.User add new Timesheet</span>
</div>
</td>
</tr>
<tr class="tag-test-status" status="pass">
<td><span class="badge log pass-bg">Pass</span></td>
<td>15:43:31 pm</td>
<td>
<a href="#" class="linked" test-id='100' id='112'>User success add new SD Issue</a>
<div class="">
<span class="badge badge-default">CRUD SD Issue.User success add new SD Issue</span>
</div>
</td>
</tr>
<tr class="tag-test-status" status="fail">
<td><span class="badge log fail-bg">Fail</span></td>
<td>15:44:33 pm</td>
<td>
<a href="#" class="linked" test-id='100' id='149'>User search issue - with result</a>
<div class="">
<span class="badge badge-default">CRUD SD Issue.User search issue - with result</span>
</div>
</td>
</tr>
</tbody>
</table>
</div>
</li>
<li class="test-item">
<div class="test-detail">
<span class="meta">
<span class='badge log pass-bg'>6</span>
<span class='badge log badge-danger'>1</span>
</span>
<p class="name">@timesheet</p>
<p class="duration text-sm">7 tests</p>
</div>
<div class="test-contents d-none">
<div class="info">
<h4>@timesheet</h4>
<span status="pass" class='badge log pass-bg'>6 passed</span>
<span status="fail" class='badge log badge-danger'>1 failed</span>
</div>
<table class='table table-sm mt-4'>
<thead>
<tr>
<th class="status-col">Status</th>
<th class="timestamp-col">Timestamp</th>
<th>TestName</th>
</tr>
</thead>
<tbody>
<tr class="tag-test-status" status="pass">
<td><span class="badge log pass-bg">Pass</span></td>
<td>15:41:10 pm</td>
<td>
<a href="#" class="linked" test-id='24' id='25'>User view list Timesheet</a>
<div class="">
<span class="badge badge-default">CRUD Timesheet.User view list Timesheet</span>
</div>
</td>
</tr>
<tr class="tag-test-status" status="pass">
<td><span class="badge log pass-bg">Pass</span></td>
<td>15:41:21 pm</td>
<td>
<a href="#" class="linked" test-id='24' id='34'>User add new Timesheet</a>
<div class="">
<span class="badge badge-default">CRUD Timesheet.User add new Timesheet</span>
</div>
</td>
</tr>
<tr class="tag-test-status" status="pass">
<td><span class="badge log pass-bg">Pass</span></td>
<td>15:41:52 pm</td>
<td>
<a href="#" class="linked" test-id='24' id='45'>User failed add new Timesheet - Empty values</a>
<div class="">
<span class="badge badge-default">CRUD Timesheet.User failed add new Timesheet - Empty values</span>
</div>
</td>
</tr>
<tr class="tag-test-status" status="pass">
<td><span class="badge log pass-bg">Pass</span></td>
<td>15:42:06 pm</td>
<td>
<a href="#" class="linked" test-id='24' id='56'>User edit Timesheet</a>
<div class="">
<span class="badge badge-default">CRUD Timesheet.User edit Timesheet</span>
</div>
</td>
</tr>
<tr class="tag-test-status" status="pass">
<td><span class="badge log pass-bg">Pass</span></td>
<td>15:42:18 pm</td>
<td>
<a href="#" class="linked" test-id='24' id='67'>User stop timer</a>
<div class="">
<span class="badge badge-default">CRUD Timesheet.User stop timer</span>
</div>
</td>
</tr>
<tr class="tag-test-status" status="pass">
<td><span class="badge log pass-bg">Pass</span></td>
<td>15:42:28 pm</td>
<td>
<a href="#" class="linked" test-id='24' id='78'>User delete Timesheet</a>
<div class="">
<span class="badge badge-default">CRUD Timesheet.User delete Timesheet</span>
</div>
</td>
</tr>
<tr class="tag-test-status" status="fail">
<td><span class="badge log fail-bg">Fail</span></td>
<td>15:42:43 pm</td>
<td>
<a href="#" class="linked" test-id='24' id='91'>User submit timesheet</a>
<div class="">
<span class="badge badge-default">CRUD Timesheet.User submit timesheet</span>
</div>
</td>
</tr>
</tbody>
</table>
</div>
</li>
<li class="test-item">
<div class="test-detail">
<span class="meta">
<span class='badge log pass-bg'>4</span>
</span>
<p class="name">@negative</p>
<p class="duration text-sm">4 tests</p>
</div>
<div class="test-contents d-none">
<div class="info">
<h4>@negative</h4>
<span status="pass" class='badge log pass-bg'>4 passed</span>
</div>
<table class='table table-sm mt-4'>
<thead>
<tr>
<th class="status-col">Status</th>
<th class="timestamp-col">Timestamp</th>
<th>TestName</th>
</tr>
</thead>
<tbody>
<tr class="tag-test-status" status="pass">
<td><span class="badge log pass-bg">Pass</span></td>
<td>15:41:05 pm</td>
<td>
<a href="#" class="linked" test-id='1' id='13'>User failed login - invalid credential</a>
<div class="">
<span class="badge badge-default">Login Page.User failed login - invalid credential</span>
</div>
</td>
</tr>
<tr class="tag-test-status" status="pass">
<td><span class="badge log pass-bg">Pass</span></td>
<td>15:41:52 pm</td>
<td>
<a href="#" class="linked" test-id='24' id='45'>User failed add new Timesheet - Empty values</a>
<div class="">
<span class="badge badge-default">CRUD Timesheet.User failed add new Timesheet - Empty values</span>
</div>
</td>
</tr>
<tr class="tag-test-status" status="pass">
<td><span class="badge log pass-bg">Pass</span></td>
<td>15:43:45 pm</td>
<td>
<a href="#" class="linked" test-id='100' id='123'>User failed add new SD Issue - Empty</a>
<div class="">
<span class="badge badge-default">CRUD SD Issue.User failed add new SD Issue - Empty</span>
</div>
</td>
</tr>
<tr class="tag-test-status" status="pass">
<td><span class="badge log pass-bg">Pass</span></td>
<td>15:45:16 pm</td>
<td>
<a href="#" class="linked" test-id='100' id='162'>User search issue - no result</a>
<div class="">
<span class="badge badge-default">CRUD SD Issue.User search issue - no result</span>
</div>
</td>
</tr>
</tbody>
</table>
</div>
</li>
<li class="test-item">
<div class="test-detail">
<span class="meta">
<span class='badge log pass-bg'>2</span>
</span>
<p class="name">@view</p>
<p class="duration text-sm">2 tests</p>
</div>
<div class="test-contents d-none">
<div class="info">
<h4>@view</h4>
<span status="pass" class='badge log pass-bg'>2 passed</span>
</div>
<table class='table table-sm mt-4'>
<thead>
<tr>
<th class="status-col">Status</th>
<th class="timestamp-col">Timestamp</th>
<th>TestName</th>
</tr>
</thead>
<tbody>
<tr class="tag-test-status" status="pass">
<td><span class="badge log pass-bg">Pass</span></td>
<td>15:41:10 pm</td>
<td>
<a href="#" class="linked" test-id='24' id='25'>User view list Timesheet</a>
<div class="">
<span class="badge badge-default">CRUD Timesheet.User view list Timesheet</span>
</div>
</td>
</tr>
<tr class="tag-test-status" status="pass">
<td><span class="badge log pass-bg">Pass</span></td>
<td>15:43:22 pm</td>
<td>
<a href="#" class="linked" test-id='100' id='101'>User view list SD Issue</a>
<div class="">
<span class="badge badge-default">CRUD SD Issue.User view list SD Issue</span>
</div>
</td>
</tr>
</tbody>
</table>
</div>
</li>
<li class="test-item">
<div class="test-detail">
<span class="meta">
<span class='badge log pass-bg'>1</span>
</span>
<p class="name">@stop</p>
<p class="duration text-sm">1 tests</p>
</div>
<div class="test-contents d-none">
<div class="info">
<h4>@stop</h4>
<span status="pass" class='badge log pass-bg'>1 passed</span>
</div>
<table class='table table-sm mt-4'>
<thead>
<tr>
<th class="status-col">Status</th>
<th class="timestamp-col">Timestamp</th>
<th>TestName</th>
</tr>
</thead>
<tbody>
<tr class="tag-test-status" status="pass">
<td><span class="badge log pass-bg">Pass</span></td>
<td>15:42:18 pm</td>
<td>
<a href="#" class="linked" test-id='24' id='67'>User stop timer</a>
<div class="">
<span class="badge badge-default">CRUD Timesheet.User stop timer</span>
</div>
</td>
</tr>
</tbody>
</table>
</div>
</li>
<li class="test-item">
<div class="test-detail">
<span class="meta">
<span class='badge log pass-bg'>2</span>
</span>
<p class="name">@status</p>
<p class="duration text-sm">2 tests</p>
</div>
<div class="test-contents d-none">
<div class="info">
<h4>@status</h4>
<span status="pass" class='badge log pass-bg'>2 passed</span>
</div>
<table class='table table-sm mt-4'>
<thead>
<tr>
<th class="status-col">Status</th>
<th class="timestamp-col">Timestamp</th>
<th>TestName</th>
</tr>
</thead>
<tbody>
<tr class="tag-test-status" status="pass">
<td><span class="badge log pass-bg">Pass</span></td>
<td>15:45:38 pm</td>
<td>
<a href="#" class="linked" test-id='100' id='188'>User filter status</a>
<div class="">
<span class="badge badge-default">CRUD SD Issue.User filter status</span>
</div>
</td>
</tr>
<tr class="tag-test-status" status="pass">
<td><span class="badge log pass-bg">Pass</span></td>
<td>15:45:48 pm</td>
<td>
<a href="#" class="linked" test-id='100' id='201'>User change status to closed</a>
<div class="">
<span class="badge badge-default">CRUD SD Issue.User change status to closed</span>
</div>
</td>
</tr>
</tbody>
</table>
</div>
</li>
<li class="test-item">
<div class="test-detail">
<span class="meta">
<span class='badge log pass-bg'>1</span>
<span class='badge log badge-danger'>1</span>
</span>
<p class="name">@edit</p>
<p class="duration text-sm">2 tests</p>
</div>
<div class="test-contents d-none">
<div class="info">
<h4>@edit</h4>
<span status="pass" class='badge log pass-bg'>1 passed</span>
<span status="fail" class='badge log badge-danger'>1 failed</span>
</div>
<table class='table table-sm mt-4'>
<thead>
<tr>
<th class="status-col">Status</th>
<th class="timestamp-col">Timestamp</th>
<th>TestName</th>
</tr>
</thead>
<tbody>
<tr class="tag-test-status" status="pass">
<td><span class="badge log pass-bg">Pass</span></td>
<td>15:42:06 pm</td>
<td>
<a href="#" class="linked" test-id='24' id='56'>User edit Timesheet</a>
<div class="">
<span class="badge badge-default">CRUD Timesheet.User edit Timesheet</span>
</div>
</td>
</tr>
<tr class="tag-test-status" status="fail">
<td><span class="badge log fail-bg">Fail</span></td>
<td>15:43:54 pm</td>
<td>
<a href="#" class="linked" test-id='100' id='132'>User edit SD Issue</a>
<div class="">
<span class="badge badge-default">CRUD SD Issue.User edit SD Issue</span>
</div>
</td>
</tr>
</tbody>
</table>
</div>
</li>
<li class="test-item">
<div class="test-detail">
<span class="meta">
<span class='badge log pass-bg'>1</span>
</span>
<p class="name">@delete</p>
<p class="duration text-sm">1 tests</p>
</div>
<div class="test-contents d-none">
<div class="info">
<h4>@delete</h4>
<span status="pass" class='badge log pass-bg'>1 passed</span>
</div>
<table class='table table-sm mt-4'>
<thead>
<tr>
<th class="status-col">Status</th>
<th class="timestamp-col">Timestamp</th>
<th>TestName</th>
</tr>
</thead>
<tbody>
<tr class="tag-test-status" status="pass">
<td><span class="badge log pass-bg">Pass</span></td>
<td>15:42:28 pm</td>
<td>
<a href="#" class="linked" test-id='24' id='78'>User delete Timesheet</a>
<div class="">
<span class="badge badge-default">CRUD Timesheet.User delete Timesheet</span>
</div>
</td>
</tr>
</tbody>
</table>
</div>
</li>
<li class="test-item">
<div class="test-detail">
<span class="meta">
<span class='badge log pass-bg'>1</span>
</span>
<p class="name">@assign</p>
<p class="duration text-sm">1 tests</p>
</div>
<div class="test-contents d-none">
<div class="info">
<h4>@assign</h4>
<span status="pass" class='badge log pass-bg'>1 passed</span>
</div>
<table class='table table-sm mt-4'>
<thead>
<tr>
<th class="status-col">Status</th>
<th class="timestamp-col">Timestamp</th>
<th>TestName</th>
</tr>
</thead>
<tbody>
<tr class="tag-test-status" status="pass">
<td><span class="badge log pass-bg">Pass</span></td>
<td>15:45:27 pm</td>
<td>
<a href="#" class="linked" test-id='100' id='175'>User filter assign to me</a>
<div class="">
<span class="badge badge-default">CRUD SD Issue.User filter assign to me</span>
</div>
</td>
</tr>
</tbody>
</table>
</div>
</li>
<li class="test-item">
<div class="test-detail">
<span class="meta">
<span class='badge log pass-bg'>4</span>
</span>
<p class="name">@add</p>
<p class="duration text-sm">4 tests</p>
</div>
<div class="test-contents d-none">
<div class="info">
<h4>@add</h4>
<span status="pass" class='badge log pass-bg'>4 passed</span>
</div>
<table class='table table-sm mt-4'>
<thead>
<tr>
<th class="status-col">Status</th>
<th class="timestamp-col">Timestamp</th>
<th>TestName</th>
</tr>
</thead>
<tbody>
<tr class="tag-test-status" status="pass">
<td><span class="badge log pass-bg">Pass</span></td>
<td>15:41:21 pm</td>
<td>
<a href="#" class="linked" test-id='24' id='34'>User add new Timesheet</a>
<div class="">
<span class="badge badge-default">CRUD Timesheet.User add new Timesheet</span>
</div>
</td>
</tr>
<tr class="tag-test-status" status="pass">
<td><span class="badge log pass-bg">Pass</span></td>
<td>15:41:52 pm</td>
<td>
<a href="#" class="linked" test-id='24' id='45'>User failed add new Timesheet - Empty values</a>
<div class="">
<span class="badge badge-default">CRUD Timesheet.User failed add new Timesheet - Empty values</span>
</div>
</td>
</tr>
<tr class="tag-test-status" status="pass">
<td><span class="badge log pass-bg">Pass</span></td>
<td>15:43:31 pm</td>
<td>
<a href="#" class="linked" test-id='100' id='112'>User success add new SD Issue</a>
<div class="">
<span class="badge badge-default">CRUD SD Issue.User success add new SD Issue</span>
</div>
</td>
</tr>
<tr class="tag-test-status" status="pass">
<td><span class="badge log pass-bg">Pass</span></td>
<td>15:43:45 pm</td>
<td>
<a href="#" class="linked" test-id='100' id='123'>User failed add new SD Issue - Empty</a>
<div class="">
<span class="badge badge-default">CRUD SD Issue.User failed add new SD Issue - Empty</span>
</div>
</td>
</tr>
</tbody>
</table>
</div>
</li>
<li class="test-item">
<div class="test-detail">
<span class="meta">
<span class='badge log pass-bg'>1</span>
</span>
<p class="name">@change</p>
<p class="duration text-sm">1 tests</p>
</div>
<div class="test-contents d-none">
<div class="info">
<h4>@change</h4>
<span status="pass" class='badge log pass-bg'>1 passed</span>
</div>
<table class='table table-sm mt-4'>
<thead>
<tr>
<th class="status-col">Status</th>
<th class="timestamp-col">Timestamp</th>
<th>TestName</th>
</tr>
</thead>
<tbody>
<tr class="tag-test-status" status="pass">
<td><span class="badge log pass-bg">Pass</span></td>
<td>15:45:48 pm</td>
<td>
<a href="#" class="linked" test-id='100' id='201'>User change status to closed</a>
<div class="">
<span class="badge badge-default">CRUD SD Issue.User change status to closed</span>
</div>
</td>
</tr>
</tbody>
</table>
</div>
</li>
<li class="test-item">
<div class="test-detail">
<span class="meta">
<span class='badge log pass-bg'>1</span>
<span class='badge log badge-danger'>1</span>
</span>
<p class="name">@search</p>
<p class="duration text-sm">2 tests</p>
</div>
<div class="test-contents d-none">
<div class="info">
<h4>@search</h4>
<span status="pass" class='badge log pass-bg'>1 passed</span>
<span status="fail" class='badge log badge-danger'>1 failed</span>
</div>
<table class='table table-sm mt-4'>
<thead>
<tr>
<th class="status-col">Status</th>
<th class="timestamp-col">Timestamp</th>
<th>TestName</th>
</tr>
</thead>
<tbody>
<tr class="tag-test-status" status="fail">
<td><span class="badge log fail-bg">Fail</span></td>
<td>15:44:33 pm</td>
<td>
<a href="#" class="linked" test-id='100' id='149'>User search issue - with result</a>
<div class="">
<span class="badge badge-default">CRUD SD Issue.User search issue - with result</span>
</div>
</td>
</tr>
<tr class="tag-test-status" status="pass">
<td><span class="badge log pass-bg">Pass</span></td>
<td>15:45:16 pm</td>
<td>
<a href="#" class="linked" test-id='100' id='162'>User search issue - no result</a>
<div class="">
<span class="badge badge-default">CRUD SD Issue.User search issue - no result</span>
</div>
</td>
</tr>
</tbody>
</table>
</div>
</li>
<li class="test-item">
<div class="test-detail">
<span class="meta">
<span class='badge log pass-bg'>2</span>
</span>
<p class="name">@login</p>
<p class="duration text-sm">2 tests</p>
</div>
<div class="test-contents d-none">
<div class="info">
<h4>@login</h4>
<span status="pass" class='badge log pass-bg'>2 passed</span>
</div>
<table class='table table-sm mt-4'>
<thead>
<tr>
<th class="status-col">Status</th>
<th class="timestamp-col">Timestamp</th>
<th>TestName</th>
</tr>
</thead>
<tbody>
<tr class="tag-test-status" status="pass">
<td><span class="badge log pass-bg">Pass</span></td>
<td>15:40:56 pm</td>
<td>
<a href="#" class="linked" test-id='1' id='2'>User success login</a>
<div class="">
<span class="badge badge-default">Login Page.User success login</span>
</div>
</td>
</tr>
<tr class="tag-test-status" status="pass">
<td><span class="badge log pass-bg">Pass</span></td>
<td>15:41:05 pm</td>
<td>
<a href="#" class="linked" test-id='1' id='13'>User failed login - invalid credential</a>
<div class="">
<span class="badge badge-default">Login Page.User failed login - invalid credential</span>
</div>
</td>
</tr>
</tbody>
</table>
</div>
</li>
<li class="test-item">
<div class="test-detail">
<span class="meta">
<span class='badge log badge-danger'>1</span>
</span>
<p class="name">@submit</p>
<p class="duration text-sm">1 tests</p>
</div>
<div class="test-contents d-none">
<div class="info">
<h4>@submit</h4>
<span status="fail" class='badge log badge-danger'>1 failed</span>
</div>
<table class='table table-sm mt-4'>
<thead>
<tr>
<th class="status-col">Status</th>
<th class="timestamp-col">Timestamp</th>
<th>TestName</th>
</tr>
</thead>
<tbody>
<tr class="tag-test-status" status="fail">
<td><span class="badge log fail-bg">Fail</span></td>
<td>15:42:43 pm</td>
<td>
<a href="#" class="linked" test-id='24' id='91'>User submit timesheet</a>
<div class="">
<span class="badge badge-default">CRUD Timesheet.User submit timesheet</span>
</div>
</td>
</tr>
</tbody>
</table>
</div>
</li>
</ul>
</div>
</div>
<div class="test-content scrollable">
<div class="test-content-detail">
<div class="detail-body"></div>
</div>
</div>
</div><div class="test-wrapper row view exception-view attributes-view">
<div class="test-list">
<div class="test-list-tools">
<ul class="tools pull-left"><li><a href=""><span class="font-size-14">Exception</span></a></li></ul>
<ul class="tools text-right"><li><a href="#"><span class="badge badge-primary">1</span></a></li></ul>
</div>
<div class="test-list-wrapper scrollable">
<ul class="test-list-item">
<li class="test-item">
<div class="test-detail">
<span class="meta">
<span class='badge log badge-danger'>3</span>
</span>
<p class="name">org.openqa.selenium.NoSuchElementException</p>
<p class="duration text-sm">3 tests</p>
</div>
<div class="test-contents d-none">
<div class="info">
<h4>org.openqa.selenium.NoSuchElementException</h4>
<span status="fail" class='badge log badge-danger'>3 failed</span>
</div>
<table class='table table-sm mt-4'>
<thead>
<tr>
<th class="status-col">Status</th>
<th class="timestamp-col">Timestamp</th>
<th>TestName</th>
</tr>
</thead>
<tbody>
<tr class="tag-test-status" status="fail">
<td><span class="badge log fail-bg">Fail</span></td>
<td>15:42:50 pm</td>
<td>
<a href="#" class="linked" test-id='24' id='97'>And User click button Submit</a>
<div class="">
<span class="badge badge-default">CRUD Timesheet.User submit timesheet.And User click button Submit</span>
</div>
</td>
</tr>
<tr class="tag-test-status" status="fail">
<td><span class="badge log fail-bg">Fail</span></td>
<td>15:44:01 pm</td>
<td>
<a href="#" class="linked" test-id='100' id='140'>Then User choose Issue</a>
<div class="">
<span class="badge badge-default">CRUD SD Issue.User edit SD Issue.Then User choose Issue</span>
</div>
</td>
</tr>
<tr class="tag-test-status" status="fail">
<td><span class="badge log fail-bg">Fail</span></td>
<td>15:44:43 pm</td>
<td>
<a href="#" class="linked" test-id='100' id='159'>Then User get the result</a>
<div class="">
<span class="badge badge-default">CRUD SD Issue.User search issue - with result.Then User get the result</span>
</div>
</td>
</tr>
</tbody>
</table>
</div>
</li>
</ul>
</div>
</div>
<div class="test-content scrollable">
<div class="test-content-detail">
<div class="detail-body"></div>
</div>
</div>
</div>        </div>
      </div>
    </div>
  </div>
<script src="https://cdn.jsdelivr.net/gh/extent-framework/extent-github-cdn@ce8b10435bcbae260c334c0d0c6b61d2c19b6168/spark/js/spark-script.js"></script>
<script type="text/javascript"></script></body>
</html>